build/app/intermediates/manifest_merge_blame_file/release/manifest-merger-blame-release-report.txt
1<?xml version="1.0" encoding="utf-8"?>
2<manifest xmlns:android="http://schemas.android.com/apk/res/android"
3    package="com.example.binance_api_test"
4    android:versionCode="1"
5    android:versionName="1.0.0" >
6
7    <uses-sdk
8        android:minSdkVersion="21"
8-->src\main\AndroidManifest.xml
9        android:targetSdkVersion="34" />
9-->src\main\AndroidManifest.xml
10
11    <uses-permission android:name="android.permission.CAMERA" />
11-->src\main\AndroidManifest.xml:2:5-65
11-->src\main\AndroidManifest.xml:2:22-62
12    <uses-permission android:name="android.permission.INTERNET" />
12-->src\main\AndroidManifest.xml:3:5-67
12-->src\main\AndroidManifest.xml:3:22-64
13    <!--
14         Required to query activities that can process text, see:
15         https://developer.android.com/training/package-visibility?hl=en and
16         https://developer.android.com/reference/android/content/Intent#ACTION_PROCESS_TEXT.
17
18         In particular, this is used by the Flutter engine in io.flutter.plugin.text.ProcessTextPlugin.
19    -->
20    <queries>
20-->src\main\AndroidManifest.xml:40:5-45:15
21        <intent>
21-->src\main\AndroidManifest.xml:41:9-44:18
22            <action android:name="android.intent.action.PROCESS_TEXT" />
22-->src\main\AndroidManifest.xml:42:13-73
22-->src\main\AndroidManifest.xml:42:21-70
23
24            <data android:mimeType="text/plain" />
24-->src\main\AndroidManifest.xml:43:13-51
24-->src\main\AndroidManifest.xml:43:19-48
25        </intent>
26    </queries>
27
28    <uses-permission android:name="android.permission.ACCESS_NETWORK_STATE" />
28-->[:connectivity_plus] AndroidManifest.xml:9:5-79
28-->[:connectivity_plus] AndroidManifest.xml:9:22-76
29
30    <permission
30-->[androidx.core:core:1.10.1] AndroidManifest.xml:22:5-24:47
31        android:name="com.example.binance_api_test.DYNAMIC_RECEIVER_NOT_EXPORTED_PERMISSION"
31-->[androidx.core:core:1.10.1] AndroidManifest.xml:23:9-81
32        android:protectionLevel="signature" />
32-->[androidx.core:core:1.10.1] AndroidManifest.xml:24:9-44
33
34    <uses-permission android:name="com.example.binance_api_test.DYNAMIC_RECEIVER_NOT_EXPORTED_PERMISSION" /> <!-- Don't require camera, as this requires a rear camera. This allows it to work on the Nexus 7 -->
34-->[androidx.core:core:1.10.1] AndroidManifest.xml:26:5-97
34-->[androidx.core:core:1.10.1] AndroidManifest.xml:26:22-94
35    <uses-feature
35-->[com.journeyapps:zxing-android-embedded:4.3.0] AndroidManifest.xml:25:5-27:36
36        android:name="android.hardware.camera"
36-->[com.journeyapps:zxing-android-embedded:4.3.0] AndroidManifest.xml:26:9-47
37        android:required="false" />
37-->[com.journeyapps:zxing-android-embedded:4.3.0] AndroidManifest.xml:27:9-33
38    <uses-feature
38-->[com.journeyapps:zxing-android-embedded:4.3.0] AndroidManifest.xml:28:5-30:36
39        android:name="android.hardware.camera.front"
39-->[com.journeyapps:zxing-android-embedded:4.3.0] AndroidManifest.xml:29:9-53
40        android:required="false" /> <!-- TODO replace above two with next line after Android 4.2 -->
40-->[com.journeyapps:zxing-android-embedded:4.3.0] AndroidManifest.xml:30:9-33
41    <!-- <uses-feature android:name="android.hardware.camera.any"/> -->
42    <uses-feature
42-->[com.journeyapps:zxing-android-embedded:4.3.0] AndroidManifest.xml:33:5-35:36
43        android:name="android.hardware.camera.autofocus"
43-->[com.journeyapps:zxing-android-embedded:4.3.0] AndroidManifest.xml:34:9-57
44        android:required="false" />
44-->[com.journeyapps:zxing-android-embedded:4.3.0] AndroidManifest.xml:35:9-33
45    <uses-feature
45-->[com.journeyapps:zxing-android-embedded:4.3.0] AndroidManifest.xml:36:5-38:36
46        android:name="android.hardware.camera.flash"
46-->[com.journeyapps:zxing-android-embedded:4.3.0] AndroidManifest.xml:37:9-53
47        android:required="false" />
47-->[com.journeyapps:zxing-android-embedded:4.3.0] AndroidManifest.xml:38:9-33
48    <uses-feature
48-->[com.journeyapps:zxing-android-embedded:4.3.0] AndroidManifest.xml:39:5-41:36
49        android:name="android.hardware.screen.landscape"
49-->[com.journeyapps:zxing-android-embedded:4.3.0] AndroidManifest.xml:40:9-57
50        android:required="false" />
50-->[com.journeyapps:zxing-android-embedded:4.3.0] AndroidManifest.xml:41:9-33
51    <uses-feature
51-->[com.journeyapps:zxing-android-embedded:4.3.0] AndroidManifest.xml:42:5-44:36
52        android:name="android.hardware.wifi"
52-->[com.journeyapps:zxing-android-embedded:4.3.0] AndroidManifest.xml:43:9-45
53        android:required="false" />
53-->[com.journeyapps:zxing-android-embedded:4.3.0] AndroidManifest.xml:44:9-33
54
55    <application
56        android:name="android.app.Application"
56-->src\main\AndroidManifest.xml:6:9-42
57        android:appComponentFactory="androidx.core.app.CoreComponentFactory"
57-->[androidx.core:core:1.10.1] AndroidManifest.xml:28:18-86
58        android:icon="@mipmap/ic_launcher"
58-->src\main\AndroidManifest.xml:7:9-43
59        android:label="TEST" >
59-->src\main\AndroidManifest.xml:5:9-29
60        <activity
60-->src\main\AndroidManifest.xml:8:9-28:20
61            android:name="com.example.binance_api_test.MainActivity"
61-->src\main\AndroidManifest.xml:9:13-41
62            android:configChanges="orientation|keyboardHidden|keyboard|screenSize|smallestScreenSize|locale|layoutDirection|fontScale|screenLayout|density|uiMode"
62-->src\main\AndroidManifest.xml:13:13-163
63            android:exported="true"
63-->src\main\AndroidManifest.xml:10:13-36
64            android:hardwareAccelerated="true"
64-->src\main\AndroidManifest.xml:14:13-47
65            android:launchMode="singleTop"
65-->src\main\AndroidManifest.xml:11:13-43
66            android:theme="@style/LaunchTheme"
66-->src\main\AndroidManifest.xml:12:13-47
67            android:windowSoftInputMode="adjustResize" >
67-->src\main\AndroidManifest.xml:15:13-55
68
69            <!--
70                 Specifies an Android theme to apply to this Activity as soon as
71                 the Android process has started. This theme is visible to the user
72                 while the Flutter UI initializes. After that, this theme continues
73                 to determine the Window background behind the Flutter UI.
74            -->
75            <meta-data
75-->src\main\AndroidManifest.xml:20:13-23:15
76                android:name="io.flutter.embedding.android.NormalTheme"
76-->src\main\AndroidManifest.xml:21:17-72
77                android:resource="@style/NormalTheme" />
77-->src\main\AndroidManifest.xml:22:17-54
78
79            <intent-filter>
79-->src\main\AndroidManifest.xml:24:13-27:29
80                <action android:name="android.intent.action.MAIN" />
80-->src\main\AndroidManifest.xml:25:17-69
80-->src\main\AndroidManifest.xml:25:25-66
81
82                <category android:name="android.intent.category.LAUNCHER" />
82-->src\main\AndroidManifest.xml:26:17-77
82-->src\main\AndroidManifest.xml:26:27-74
83            </intent-filter>
84        </activity>
85        <!--
86             Don't delete the meta-data below.
87             This is used by the Flutter tool to generate GeneratedPluginRegistrant.java
88        -->
89        <meta-data
89-->src\main\AndroidManifest.xml:31:9-33:33
90            android:name="flutterEmbedding"
90-->src\main\AndroidManifest.xml:32:13-44
91            android:value="2" />
91-->src\main\AndroidManifest.xml:33:13-30
92
93        <provider
93-->[:image_picker_android] AndroidManifest.xml:11:9-19:20
94            android:name="io.flutter.plugins.imagepicker.ImagePickerFileProvider"
94-->[:image_picker_android] AndroidManifest.xml:12:13-82
95            android:authorities="com.example.binance_api_test.flutter.image_provider"
95-->[:image_picker_android] AndroidManifest.xml:13:13-74
96            android:exported="false"
96-->[:image_picker_android] AndroidManifest.xml:14:13-37
97            android:grantUriPermissions="true" >
97-->[:image_picker_android] AndroidManifest.xml:15:13-47
98            <meta-data
98-->[:image_picker_android] AndroidManifest.xml:16:13-18:75
99                android:name="android.support.FILE_PROVIDER_PATHS"
99-->[:image_picker_android] AndroidManifest.xml:17:17-67
100                android:resource="@xml/flutter_image_picker_file_paths" />
100-->[:image_picker_android] AndroidManifest.xml:18:17-72
101        </provider> <!-- Trigger Google Play services to install the backported photo picker module. -->
102        <service
102-->[:image_picker_android] AndroidManifest.xml:21:9-33:19
103            android:name="com.google.android.gms.metadata.ModuleDependencies"
103-->[:image_picker_android] AndroidManifest.xml:22:13-78
104            android:enabled="false"
104-->[:image_picker_android] AndroidManifest.xml:23:13-36
105            android:exported="false" >
105-->[:image_picker_android] AndroidManifest.xml:24:13-37
106            <intent-filter>
106-->[:image_picker_android] AndroidManifest.xml:26:13-28:29
107                <action android:name="com.google.android.gms.metadata.MODULE_DEPENDENCIES" />
107-->[:image_picker_android] AndroidManifest.xml:27:17-94
107-->[:image_picker_android] AndroidManifest.xml:27:25-91
108            </intent-filter>
109
110            <meta-data
110-->[:image_picker_android] AndroidManifest.xml:30:13-32:36
111                android:name="photopicker_activity:0:required"
111-->[:image_picker_android] AndroidManifest.xml:31:17-63
112                android:value="" />
112-->[:image_picker_android] AndroidManifest.xml:32:17-33
113        </service>
114
115        <activity
115-->[:url_launcher_android] AndroidManifest.xml:10:9-13:74
116            android:name="io.flutter.plugins.urllauncher.WebViewActivity"
116-->[:url_launcher_android] AndroidManifest.xml:11:13-74
117            android:exported="false"
117-->[:url_launcher_android] AndroidManifest.xml:12:13-37
118            android:theme="@android:style/Theme.NoTitleBar.Fullscreen" />
118-->[:url_launcher_android] AndroidManifest.xml:13:13-71
119
120        <provider
120-->[androidx.emoji2:emoji2:1.0.0] AndroidManifest.xml:26:9-34:20
121            android:name="androidx.startup.InitializationProvider"
121-->[androidx.emoji2:emoji2:1.0.0] AndroidManifest.xml:27:13-67
122            android:authorities="com.example.binance_api_test.androidx-startup"
122-->[androidx.emoji2:emoji2:1.0.0] AndroidManifest.xml:28:13-68
123            android:exported="false" >
123-->[androidx.emoji2:emoji2:1.0.0] AndroidManifest.xml:29:13-37
124            <meta-data
124-->[androidx.emoji2:emoji2:1.0.0] AndroidManifest.xml:31:13-33:52
125                android:name="androidx.emoji2.text.EmojiCompatInitializer"
125-->[androidx.emoji2:emoji2:1.0.0] AndroidManifest.xml:32:17-75
126                android:value="androidx.startup" />
126-->[androidx.emoji2:emoji2:1.0.0] AndroidManifest.xml:33:17-49
127            <meta-data
127-->[androidx.lifecycle:lifecycle-process:2.6.1] AndroidManifest.xml:29:13-31:52
128                android:name="androidx.lifecycle.ProcessLifecycleInitializer"
128-->[androidx.lifecycle:lifecycle-process:2.6.1] AndroidManifest.xml:30:17-78
129                android:value="androidx.startup" />
129-->[androidx.lifecycle:lifecycle-process:2.6.1] AndroidManifest.xml:31:17-49
130            <meta-data
130-->[androidx.profileinstaller:profileinstaller:1.3.0] AndroidManifest.xml:29:13-31:52
131                android:name="androidx.profileinstaller.ProfileInstallerInitializer"
131-->[androidx.profileinstaller:profileinstaller:1.3.0] AndroidManifest.xml:30:17-85
132                android:value="androidx.startup" />
132-->[androidx.profileinstaller:profileinstaller:1.3.0] AndroidManifest.xml:31:17-49
133        </provider>
134
135        <uses-library
135-->[androidx.window:window:1.0.0-beta04] AndroidManifest.xml:25:9-27:40
136            android:name="androidx.window.extensions"
136-->[androidx.window:window:1.0.0-beta04] AndroidManifest.xml:26:13-54
137            android:required="false" />
137-->[androidx.window:window:1.0.0-beta04] AndroidManifest.xml:27:13-37
138        <uses-library
138-->[androidx.window:window:1.0.0-beta04] AndroidManifest.xml:28:9-30:40
139            android:name="androidx.window.sidecar"
139-->[androidx.window:window:1.0.0-beta04] AndroidManifest.xml:29:13-51
140            android:required="false" />
140-->[androidx.window:window:1.0.0-beta04] AndroidManifest.xml:30:13-37
141
142        <receiver
142-->[androidx.profileinstaller:profileinstaller:1.3.0] AndroidManifest.xml:34:9-52:20
143            android:name="androidx.profileinstaller.ProfileInstallReceiver"
143-->[androidx.profileinstaller:profileinstaller:1.3.0] AndroidManifest.xml:35:13-76
144            android:directBootAware="false"
144-->[androidx.profileinstaller:profileinstaller:1.3.0] AndroidManifest.xml:36:13-44
145            android:enabled="true"
145-->[androidx.profileinstaller:profileinstaller:1.3.0] AndroidManifest.xml:37:13-35
146            android:exported="true"
146-->[androidx.profileinstaller:profileinstaller:1.3.0] AndroidManifest.xml:38:13-36
147            android:permission="android.permission.DUMP" >
147-->[androidx.profileinstaller:profileinstaller:1.3.0] AndroidManifest.xml:39:13-57
148            <intent-filter>
148-->[androidx.profileinstaller:profileinstaller:1.3.0] AndroidManifest.xml:40:13-42:29
149                <action android:name="androidx.profileinstaller.action.INSTALL_PROFILE" />
149-->[androidx.profileinstaller:profileinstaller:1.3.0] AndroidManifest.xml:41:17-91
149-->[androidx.profileinstaller:profileinstaller:1.3.0] AndroidManifest.xml:41:25-88
150            </intent-filter>
151            <intent-filter>
151-->[androidx.profileinstaller:profileinstaller:1.3.0] AndroidManifest.xml:43:13-45:29
152                <action android:name="androidx.profileinstaller.action.SKIP_FILE" />
152-->[androidx.profileinstaller:profileinstaller:1.3.0] AndroidManifest.xml:44:17-85
152-->[androidx.profileinstaller:profileinstaller:1.3.0] AndroidManifest.xml:44:25-82
153            </intent-filter>
154            <intent-filter>
154-->[androidx.profileinstaller:profileinstaller:1.3.0] AndroidManifest.xml:46:13-48:29
155                <action android:name="androidx.profileinstaller.action.SAVE_PROFILE" />
155-->[androidx.profileinstaller:profileinstaller:1.3.0] AndroidManifest.xml:47:17-88
155-->[androidx.profileinstaller:profileinstaller:1.3.0] AndroidManifest.xml:47:25-85
156            </intent-filter>
157            <intent-filter>
157-->[androidx.profileinstaller:profileinstaller:1.3.0] AndroidManifest.xml:49:13-51:29
158                <action android:name="androidx.profileinstaller.action.BENCHMARK_OPERATION" />
158-->[androidx.profileinstaller:profileinstaller:1.3.0] AndroidManifest.xml:50:17-95
158-->[androidx.profileinstaller:profileinstaller:1.3.0] AndroidManifest.xml:50:25-92
159            </intent-filter>
160        </receiver>
161
162        <activity
162-->[com.journeyapps:zxing-android-embedded:4.3.0] AndroidManifest.xml:47:9-53:63
163            android:name="com.journeyapps.barcodescanner.CaptureActivity"
163-->[com.journeyapps:zxing-android-embedded:4.3.0] AndroidManifest.xml:48:13-74
164            android:clearTaskOnLaunch="true"
164-->[com.journeyapps:zxing-android-embedded:4.3.0] AndroidManifest.xml:49:13-45
165            android:screenOrientation="sensorLandscape"
165-->[com.journeyapps:zxing-android-embedded:4.3.0] AndroidManifest.xml:50:13-56
166            android:stateNotNeeded="true"
166-->[com.journeyapps:zxing-android-embedded:4.3.0] AndroidManifest.xml:51:13-42
167            android:theme="@style/zxing_CaptureTheme"
167-->[com.journeyapps:zxing-android-embedded:4.3.0] AndroidManifest.xml:52:13-54
168            android:windowSoftInputMode="stateAlwaysHidden" />
168-->[com.journeyapps:zxing-android-embedded:4.3.0] AndroidManifest.xml:53:13-60
169    </application>
170
171</manifest>